\BOOKMARK [1][-]{section.1}{\376\377\000I\000n\000t\000r\000o\000d\000u\000c\000t\000i\000o\000n}{}% 1
\BOOKMARK [2][-]{subsection.1.1}{\376\377\000W\000a\000s\000t\000e\000\040\000i\000n\000\040\000L\000C\000A}{section.1}% 2
\BOOKMARK [2][-]{subsection.1.2}{\376\377\000T\000h\000e\000\040\000T\000-\000r\000e\000X\000\040\000T\000o\000o\000l}{section.1}% 3
\BOOKMARK [1][-]{section.2}{\376\377\000M\000e\000t\000h\000o\000d\000o\000l\000o\000g\000y}{}% 4
\BOOKMARK [2][-]{subsection.2.1}{\376\377\000T\000h\000e\000\040\000T\000-\000r\000e\000X\000\040\000t\000o\000o\000l}{section.2}% 5
\BOOKMARK [3][-]{subsubsection.2.1.1}{\376\377\000C\000o\000m\000p\000u\000t\000a\000t\000i\000o\000n\000a\000l\000\040\000f\000r\000a\000m\000e\000w\000o\000r\000k}{subsection.2.1}% 6
\BOOKMARK [3][-]{subsubsection.2.1.2}{\376\377\000F\000u\000n\000c\000t\000i\000o\000n\000a\000l\000i\000t\000y\000\040\000a\000n\000d\000\040\000p\000u\000r\000p\000o\000s\000e}{subsection.2.1}% 7
\BOOKMARK [3][-]{subsubsection.2.1.3}{\376\377\000T\000-\000r\000e\000X\000\040\000t\000o\000o\000l\000\040\000w\000o\000r\000k\000f\000l\000o\000w}{subsection.2.1}% 8
\BOOKMARK [2][-]{subsection.2.2}{\376\377\000C\000a\000s\000e\000\040\000S\000t\000u\000d\000y\000\040\000M\000e\000t\000h\000o\000d\000o\000l\000o\000g\000y}{section.2}% 9
\BOOKMARK [3][-]{subsubsection.2.2.1}{\376\377\000C\000a\000l\000c\000u\000l\000a\000t\000i\000o\000n\000s}{subsection.2.2}% 10
\BOOKMARK [1][-]{section.3}{\376\377\000R\000e\000s\000u\000l\000t\000s}{}% 11
\BOOKMARK [2][-]{subsection.3.1}{\376\377\000T\000-\000r\000e\000X\000\040\000t\000o\000o\000l}{section.3}% 12
\BOOKMARK [2][-]{subsection.3.2}{\376\377\000C\000a\000s\000e\000\040\000s\000t\000u\000d\000y\000:\000\040\000L\000i\000-\000i\000o\000n\000\040\000b\000a\000t\000t\000e\000r\000i\000e\000s}{section.3}% 13
\BOOKMARK [3][-]{subsubsection.3.2.1}{\376\377\000T\000e\000m\000p\000o\000r\000a\000l\000\040\000a\000n\000d\000\040\000s\000c\000e\000n\000a\000r\000i\000o\000\040\000v\000a\000r\000i\000a\000t\000i\000o\000n\000\040\000i\000n\000\040\000w\000a\000s\000t\000e\000\040\000a\000n\000d\000\040\000m\000a\000t\000e\000r\000i\000a\000l\000\040\000f\000o\000o\000t\000p\000r\000i\000n\000t\000s}{subsection.3.2}% 14
\BOOKMARK [3][-]{subsubsection.3.2.2}{\376\377\000C\000o\000n\000t\000r\000i\000b\000u\000t\000i\000o\000n\000\040\000o\000f\000\040\000`\000t\000o\000p\000-\000p\000r\000o\000c\000e\000s\000s\000e\000s\000'\000\040\000i\000n\000\040\000t\000h\000e\000\040\000s\000u\000p\000p\000l\000y\000\040\000c\000h\000a\000i\000n}{subsection.3.2}% 15
\BOOKMARK [3][-]{subsubsection.3.2.3}{\376\377\000C\000o\000n\000t\000r\000i\000b\000u\000t\000i\000o\000n\000\040\000o\000f\000\040\000s\000e\000c\000t\000o\000r\000s\000\040\000i\000n\000\040\000t\000h\000e\000\040\000s\000u\000p\000p\000l\000y\000\040\000c\000h\000a\000i\000n}{subsection.3.2}% 16
\BOOKMARK [3][-]{subsubsection.3.2.4}{\376\377\000C\000o\000m\000p\000a\000r\000i\000s\000o\000n\000\040\000w\000i\000t\000h\000\040\000`\000s\000i\000m\000i\000l\000a\000r\000'\000\040\000m\000e\000t\000h\000o\000d\000s}{subsection.3.2}% 17
\BOOKMARK [3][-]{subsubsection.3.2.5}{\376\377\000C\000o\000m\000p\000a\000r\000i\000s\000o\000n\000\040\000w\000i\000t\000h\000\040\000o\000t\000h\000e\000r\000\040\000s\000t\000u\000d\000i\000e\000s}{subsection.3.2}% 18
\BOOKMARK [1][-]{section.4}{\376\377\000D\000i\000s\000c\000u\000s\000s\000i\000o\000n}{}% 19
\BOOKMARK [1][-]{section.5}{\376\377\000C\000o\000n\000c\000l\000u\000s\000i\000o\000n\000s}{}% 20
